# JRE version: OpenJDK Runtime Environment (17.0.10) (build 17.0.10+0--11572160)
# Java VM: OpenJDK 64-Bit Server VM (17.0.10+0--11572160, mixed mode, tiered, compressed oops, compressed class ptrs, g1 gc, windows-amd64)
GC Precious Log:
 CPUs: 32 total, 32 available
 Memory: 65276M
 Large Page Support: Disabled
 NUMA Support: Disabled
 Compressed Oops: Enabled (Zero based)
 Heap Region Size: 8M
 Heap Min Capacity: 8M
 Heap Initial Capacity: 1G
 Heap Max Capacity: 16320M
 Pre-touch: Disabled
 Parallel Workers: 23
 Concurrent Workers: 6
 Concurrent Refinement Workers: 23
 Periodic GC: Disabled
Heap:
 garbage-first heap   total 647168K, used 235981K [0x0000000404000000, 0x0000000800000000)
  region size 8192K, 20 young (163840K), 6 survivors (49152K)
 Metaspace       used 73998K, committed 74432K, reserved 1179648K
  class space    used 8259K, committed 8448K, reserved 1048576K
GC Heap History (20 events):
Event: 0.890 GC heap before
{Heap before GC invocations=4 (full 0):
 garbage-first heap   total 114688K, used 21835K [0x0000000404000000, 0x0000000800000000)
  region size 8192K, 2 young (16384K), 1 survivors (8192K)
 Metaspace       used 33595K, committed 33856K, reserved 1114112K
  class space    used 3963K, committed 4096K, reserved 1048576K
}
Event: 0.892 GC heap after
{Heap after GC invocations=5 (full 0):
 garbage-first heap   total 114688K, used 24927K [0x0000000404000000, 0x0000000800000000)
  region size 8192K, 1 young (8192K), 1 survivors (8192K)
 Metaspace       used 33595K, committed 33856K, reserved 1114112K
  class space    used 3963K, committed 4096K, reserved 1048576K
}
Event: 0.964 GC heap before
{Heap before GC invocations=5 (full 0):
 garbage-first heap   total 114688K, used 24927K [0x0000000404000000, 0x0000000800000000)
  region size 8192K, 2 young (16384K), 1 survivors (8192K)
 Metaspace       used 35745K, committed 35968K, reserved 1114112K
  class space    used 4431K, committed 4544K, reserved 1048576K
}
Event: 0.965 GC heap after
{Heap after GC invocations=6 (full 0):
 garbage-first heap   total 114688K, used 25201K [0x0000000404000000, 0x0000000800000000)
  region size 8192K, 1 young (8192K), 1 survivors (8192K)
 Metaspace       used 35745K, committed 35968K, reserved 1114112K
  class space    used 4431K, committed 4544K, reserved 1048576K
}
Event: 1.202 GC heap before
{Heap before GC invocations=7 (full 0):
 garbage-first heap   total 114688K, used 66161K [0x0000000404000000, 0x0000000800000000)
  region size 8192K, 6 young (49152K), 1 survivors (8192K)
 Metaspace       used 43562K, committed 43840K, reserved 1114112K
  class space    used 5234K, committed 5312K, reserved 1048576K
}
Event: 1.205 GC heap after
{Heap after GC invocations=8 (full 0):
 garbage-first heap   total 114688K, used 30215K [0x0000000404000000, 0x0000000800000000)
  region size 8192K, 1 young (8192K), 1 survivors (8192K)
 Metaspace       used 43562K, committed 43840K, reserved 1114112K
  class space    used 5234K, committed 5312K, reserved 1048576K
}
Event: 1.263 GC heap before
{Heap before GC invocations=8 (full 0):
 garbage-first heap   total 114688K, used 38407K [0x0000000404000000, 0x0000000800000000)
  region size 8192K, 2 young (16384K), 1 survivors (8192K)
 Metaspace       used 45287K, committed 45504K, reserved 1114112K
  class space    used 5445K, committed 5504K, reserved 1048576K
}
Event: 1.271 GC heap after
{Heap after GC invocations=9 (full 0):
 garbage-first heap   total 581632K, used 28086K [0x0000000404000000, 0x0000000800000000)
  region size 8192K, 1 young (8192K), 1 survivors (8192K)
 Metaspace       used 45287K, committed 45504K, reserved 1114112K
  class space    used 5445K, committed 5504K, reserved 1048576K
}
Event: 3.477 GC heap before
{Heap before GC invocations=9 (full 0):
 garbage-first heap   total 581632K, used 200118K [0x0000000404000000, 0x0000000800000000)
  region size 8192K, 23 young (188416K), 1 survivors (8192K)
 Metaspace       used 60008K, committed 60288K, reserved 1114112K
  class space    used 6929K, committed 7104K, reserved 1048576K
}
Event: 3.485 GC heap after
{Heap after GC invocations=10 (full 0):
 garbage-first heap   total 581632K, used 59130K [0x0000000404000000, 0x0000000800000000)
  region size 8192K, 4 young (32768K), 4 survivors (32768K)
 Metaspace       used 60008K, committed 60288K, reserved 1114112K
  class space    used 6929K, committed 7104K, reserved 1048576K
}
Event: 4.286 GC heap before
{Heap before GC invocations=11 (full 0):
 garbage-first heap   total 245760K, used 173818K [0x0000000404000000, 0x0000000800000000)
  region size 8192K, 18 young (147456K), 4 survivors (32768K)
 Metaspace       used 62548K, committed 62848K, reserved 1114112K
  class space    used 7190K, committed 7360K, reserved 1048576K
}
Event: 4.295 GC heap after
{Heap after GC invocations=12 (full 0):
 garbage-first heap   total 245760K, used 81499K [0x0000000404000000, 0x0000000800000000)
  region size 8192K, 3 young (24576K), 3 survivors (24576K)
 Metaspace       used 62548K, committed 62848K, reserved 1114112K
  class space    used 7190K, committed 7360K, reserved 1048576K
}
Event: 4.312 GC heap before
{Heap before GC invocations=12 (full 0):
 garbage-first heap   total 245760K, used 89691K [0x0000000404000000, 0x0000000800000000)
  region size 8192K, 4 young (32768K), 3 survivors (24576K)
 Metaspace       used 62550K, committed 62848K, reserved 1114112K
  class space    used 7190K, committed 7360K, reserved 1048576K
}
Event: 4.317 GC heap after
{Heap after GC invocations=13 (full 0):
 garbage-first heap   total 245760K, used 85237K [0x0000000404000000, 0x0000000800000000)
  region size 8192K, 1 young (8192K), 1 survivors (8192K)
 Metaspace       used 62550K, committed 62848K, reserved 1114112K
  class space    used 7190K, committed 7360K, reserved 1048576K
}
Event: 4.473 GC heap before
{Heap before GC invocations=13 (full 0):
 garbage-first heap   total 245760K, used 158965K [0x0000000404000000, 0x0000000800000000)
  region size 8192K, 10 young (81920K), 1 survivors (8192K)
 Metaspace       used 62645K, committed 62976K, reserved 1114112K
  class space    used 7194K, committed 7360K, reserved 1048576K
}
Event: 4.478 GC heap after
{Heap after GC invocations=14 (full 0):
 garbage-first heap   total 647168K, used 95731K [0x0000000404000000, 0x0000000800000000)
  region size 8192K, 2 young (16384K), 2 survivors (16384K)
 Metaspace       used 62645K, committed 62976K, reserved 1114112K
  class space    used 7194K, committed 7360K, reserved 1048576K
}
Event: 4.869 GC heap before
{Heap before GC invocations=14 (full 0):
 garbage-first heap   total 647168K, used 423411K [0x0000000404000000, 0x0000000800000000)
  region size 8192K, 42 young (344064K), 2 survivors (16384K)
 Metaspace       used 62939K, committed 63232K, reserved 1114112K
  class space    used 7213K, committed 7360K, reserved 1048576K
}
Event: 4.873 GC heap after
{Heap after GC invocations=15 (full 0):
 garbage-first heap   total 647168K, used 100069K [0x0000000404000000, 0x0000000800000000)
  region size 8192K, 3 young (24576K), 3 survivors (24576K)
 Metaspace       used 62939K, committed 63232K, reserved 1114112K
  class space    used 7213K, committed 7360K, reserved 1048576K
}
Event: 9.152 GC heap before
{Heap before GC invocations=15 (full 0):
 garbage-first heap   total 647168K, used 460517K [0x0000000404000000, 0x0000000800000000)
  region size 8192K, 47 young (385024K), 3 survivors (24576K)
 Metaspace       used 73025K, committed 73408K, reserved 1179648K
  class space    used 8155K, committed 8320K, reserved 1048576K
}
Event: 9.161 GC heap after
{Heap after GC invocations=16 (full 0):
 garbage-first heap   total 647168K, used 129485K [0x0000000404000000, 0x0000000800000000)
  region size 8192K, 6 young (49152K), 6 survivors (49152K)
 Metaspace       used 73025K, committed 73408K, reserved 1179648K
  class space    used 8155K, committed 8320K, reserved 1048576K
}

